<?xml version="1.0" encoding="UTF-8"?>
<testsuite xmlns:xsi="http://www.w3.org/2001/XMLSchema-instance" xsi:noNamespaceSchemaLocation="https://maven.apache.org/surefire/maven-surefire-plugin/xsd/surefire-test-report-3.0.xsd" version="3.0" name="com.serpanalyzer.concurrency.ConcurrencyPrimitivesTest" time="0.735" tests="2" errors="0" skipped="0" failures="0">
  <properties>
[...]
</properties>
  <testcase name="testAggregatorConcurrency" classname="com.serpanalyzer.concurrency.ConcurrencyPrimitivesTest" time="0.416">
    <system-out><![CDATA[[main] Starting aggregator concurrency test
[pool-2-thread-3] Thread 2 starting increments
[pool-2-thread-2] Thread 1 starting increments
[pool-2-thread-8] Thread 7 starting increments
[pool-2-thread-1] Thread 0 starting increments
[pool-2-thread-4] Thread 3 starting increments
[pool-2-thread-6] Thread 5 starting increments
[pool-2-thread-7] Thread 6 starting increments
[pool-2-thread-5] Thread 4 starting increments
[pool-2-thread-9] Thread 8 starting increments
[pool-2-thread-10] Thread 9 starting increments
[pool-2-thread-8] Thread 7 finished increments
[pool-2-thread-3] Thread 2 finished increments
[pool-2-thread-4] Thread 3 finished increments
[pool-2-thread-2] Thread 1 finished increments
[pool-2-thread-6] Thread 5 finished increments
[pool-2-thread-5] Thread 4 finished increments
[pool-2-thread-1] Thread 0 finished increments
[pool-2-thread-9] Thread 8 finished increments
[pool-2-thread-7] Thread 6 finished increments
[pool-2-thread-10] Thread 9 finished increments
[main] Final snapshot: {test-key=10000}
]]></system-out>
  </testcase>
  <testcase name="testBufferSentinel" classname="com.serpanalyzer.concurrency.ConcurrencyPrimitivesTest" time="0.085">
    <system-out><![CDATA[[main] Starting buffer sentinel test
[Producer] Producer starting
[Consumer] Consumer starting
[Producer] Producer writing: item-1
[Producer] Producer writing: item-2
[Producer] Producer writing: item-3
[Producer] Producer writing: item-4
[Producer] Producer writing: item-5
[Producer] Producer closing buffer
[Consumer] Consumer read: item-1
[Consumer] Consumer read: item-2
[Consumer] Consumer read: item-3
[Consumer] Consumer read: item-4
[Consumer] Consumer read: item-5
[Consumer] Consumer received empty sentinel, terminating
[main] Items read: 5
[main] Read items: [item-1, item-2, item-3, item-4, item-5]
]]></system-out>
  </testcase>
</testsuite>